0:0:0:0:0:0:0:1 - - [07/Feb/2025:22:09:19 +0500] "GET /login?error HTTP/1.1" 200 1173
0:0:0:0:0:0:0:1 - - [07/Feb/2025:22:09:19 +0500] "GET /default-ui.css HTTP/1.1" 200 3065
0:0:0:0:0:0:0:1 - - [07/Feb/2025:22:09:19 +0500] "GET /favicon.ico HTTP/1.1" 302 -
0:0:0:0:0:0:0:1 - - [07/Feb/2025:22:09:19 +0500] "GET /login HTTP/1.1" 200 1103
0:0:0:0:0:0:0:1 - - [07/Feb/2025:22:09:23 +0500] "POST /login HTTP/1.1" 302 -
0:0:0:0:0:0:0:1 - - [07/Feb/2025:22:09:23 +0500] "GET /login?error HTTP/1.1" 200 1223
0:0:0:0:0:0:0:1 - - [07/Feb/2025:22:09:23 +0500] "GET /default-ui.css HTTP/1.1" 200 3065
0:0:0:0:0:0:0:1 - - [07/Feb/2025:22:09:23 +0500] "GET /favicon.ico HTTP/1.1" 302 -
0:0:0:0:0:0:0:1 - - [07/Feb/2025:22:09:23 +0500] "GET /login HTTP/1.1" 200 1103
0:0:0:0:0:0:0:1 - - [07/Feb/2025:22:16:26 +0500] "GET /login?error HTTP/1.1" 200 1173
0:0:0:0:0:0:0:1 - - [07/Feb/2025:22:16:26 +0500] "GET /default-ui.css HTTP/1.1" 200 3065
0:0:0:0:0:0:0:1 - - [07/Feb/2025:22:16:26 +0500] "GET /favicon.ico HTTP/1.1" 302 -
0:0:0:0:0:0:0:1 - - [07/Feb/2025:22:16:26 +0500] "GET /login HTTP/1.1" 200 1103
0:0:0:0:0:0:0:1 - - [07/Feb/2025:22:16:28 +0500] "GET /login?error HTTP/1.1" 200 1173
0:0:0:0:0:0:0:1 - - [07/Feb/2025:22:16:28 +0500] "GET /default-ui.css HTTP/1.1" 200 3065
0:0:0:0:0:0:0:1 - - [07/Feb/2025:22:16:28 +0500] "GET /favicon.ico HTTP/1.1" 302 -
0:0:0:0:0:0:0:1 - - [07/Feb/2025:22:16:28 +0500] "GET /login HTTP/1.1" 200 1103
0:0:0:0:0:0:0:1 - - [07/Feb/2025:22:16:33 +0500] "POST /login HTTP/1.1" 302 -
0:0:0:0:0:0:0:1 - - [07/Feb/2025:22:16:33 +0500] "GET /login?error HTTP/1.1" 200 1223
0:0:0:0:0:0:0:1 - - [07/Feb/2025:22:16:33 +0500] "GET /default-ui.css HTTP/1.1" 200 3065
0:0:0:0:0:0:0:1 - - [07/Feb/2025:22:16:33 +0500] "GET /favicon.ico HTTP/1.1" 302 -
0:0:0:0:0:0:0:1 - - [07/Feb/2025:22:16:33 +0500] "GET /login HTTP/1.1" 200 1103
0:0:0:0:0:0:0:1 - - [07/Feb/2025:22:16:44 +0500] "GET /admin HTTP/1.1" 302 -
0:0:0:0:0:0:0:1 - - [07/Feb/2025:22:16:44 +0500] "GET /login HTTP/1.1" 200 1103
0:0:0:0:0:0:0:1 - - [07/Feb/2025:22:16:44 +0500] "GET /default-ui.css HTTP/1.1" 200 3065
0:0:0:0:0:0:0:1 - - [07/Feb/2025:22:16:44 +0500] "GET /favicon.ico HTTP/1.1" 302 -
0:0:0:0:0:0:0:1 - - [07/Feb/2025:22:16:44 +0500] "GET /login HTTP/1.1" 200 1103
0:0:0:0:0:0:0:1 - - [07/Feb/2025:22:16:53 +0500] "POST /login HTTP/1.1" 302 -
0:0:0:0:0:0:0:1 - - [07/Feb/2025:22:16:53 +0500] "GET /admin?continue HTTP/1.1" 404 276
0:0:0:0:0:0:0:1 - - [07/Feb/2025:22:16:53 +0500] "GET /favicon.ico HTTP/1.1" 404 111
0:0:0:0:0:0:0:1 - - [07/Feb/2025:22:17:22 +0500] "GET /api/chatrooms HTTP/1.1" 200 12
0:0:0:0:0:0:0:1 - - [07/Feb/2025:22:18:58 +0500] "GET /api/chatrooms HTTP/1.1" 200 49
0:0:0:0:0:0:0:1 - - [07/Feb/2025:22:18:59 +0500] "GET /api/chatrooms HTTP/1.1" 200 49
0:0:0:0:0:0:0:1 - - [07/Feb/2025:22:19:10 +0500] "GET /api/users HTTP/1.1" 200 12
0:0:0:0:0:0:0:1 - - [07/Feb/2025:23:15:39 +0500] "GET /api/users HTTP/1.1" 302 -
0:0:0:0:0:0:0:1 - - [07/Feb/2025:23:15:39 +0500] "GET /login HTTP/1.1" 200 1103
0:0:0:0:0:0:0:1 - - [07/Feb/2025:23:15:39 +0500] "GET /default-ui.css HTTP/1.1" 200 3065
0:0:0:0:0:0:0:1 - - [07/Feb/2025:23:15:43 +0500] "GET /api/users HTTP/1.1" 302 -
0:0:0:0:0:0:0:1 - - [07/Feb/2025:23:15:43 +0500] "GET /login HTTP/1.1" 200 1103
0:0:0:0:0:0:0:1 - - [07/Feb/2025:23:15:43 +0500] "GET /default-ui.css HTTP/1.1" 200 3065
0:0:0:0:0:0:0:1 - - [07/Feb/2025:23:15:47 +0500] "POST /login HTTP/1.1" 302 -
0:0:0:0:0:0:0:1 - - [07/Feb/2025:23:15:47 +0500] "GET /api/users?continue HTTP/1.1" 200 12
