0:0:0:0:0:0:0:1 - - [08/Feb/2025:10:34:30 +0500] "GET / HTTP/1.1" 302 -
0:0:0:0:0:0:0:1 - - [08/Feb/2025:10:34:30 +0500] "GET /login;jsessionid=32B1FE9B98741E05BEA5C08CF24F2419 HTTP/1.1" 302 -
0:0:0:0:0:0:0:1 - - [08/Feb/2025:10:34:30 +0500] "GET /login HTTP/1.1" 200 1103
0:0:0:0:0:0:0:1 - - [08/Feb/2025:10:34:30 +0500] "GET /default-ui.css HTTP/1.1" 200 3065
0:0:0:0:0:0:0:1 - - [08/Feb/2025:10:34:30 +0500] "GET /favicon.ico HTTP/1.1" 302 -
0:0:0:0:0:0:0:1 - - [08/Feb/2025:10:34:30 +0500] "GET /login HTTP/1.1" 200 1103
0:0:0:0:0:0:0:1 - - [08/Feb/2025:10:34:36 +0500] "POST /login HTTP/1.1" 302 -
0:0:0:0:0:0:0:1 - - [08/Feb/2025:10:34:36 +0500] "GET /error?continue HTTP/1.1" 500 276
0:0:0:0:0:0:0:1 - - [08/Feb/2025:10:34:36 +0500] "GET /favicon.ico HTTP/1.1" 404 111
0:0:0:0:0:0:0:1 - - [08/Feb/2025:10:37:51 +0500] "GET /api/users HTTP/1.1" 302 -
0:0:0:0:0:0:0:1 - - [08/Feb/2025:10:37:51 +0500] "GET /login HTTP/1.1" 200 1103
0:0:0:0:0:0:0:1 - - [08/Feb/2025:10:37:51 +0500] "GET /default-ui.css HTTP/1.1" 200 3065
0:0:0:0:0:0:0:1 - - [08/Feb/2025:10:37:57 +0500] "GET /api/users/hello HTTP/1.1" 302 -
0:0:0:0:0:0:0:1 - - [08/Feb/2025:10:37:57 +0500] "GET /login HTTP/1.1" 200 1103
0:0:0:0:0:0:0:1 - - [08/Feb/2025:10:37:57 +0500] "GET /default-ui.css HTTP/1.1" 200 3065
0:0:0:0:0:0:0:1 - - [08/Feb/2025:10:37:57 +0500] "GET /favicon.ico HTTP/1.1" 302 -
0:0:0:0:0:0:0:1 - - [08/Feb/2025:10:37:57 +0500] "GET /login HTTP/1.1" 200 1103
0:0:0:0:0:0:0:1 - - [08/Feb/2025:10:38:15 +0500] "GET /api/users HTTP/1.1" 302 -
0:0:0:0:0:0:0:1 - - [08/Feb/2025:10:38:15 +0500] "GET /login HTTP/1.1" 200 1103
0:0:0:0:0:0:0:1 - - [08/Feb/2025:10:38:15 +0500] "GET /default-ui.css HTTP/1.1" 200 3065
0:0:0:0:0:0:0:1 - - [08/Feb/2025:10:38:19 +0500] "GET /api/chatrooms/hello HTTP/1.1" 302 -
0:0:0:0:0:0:0:1 - - [08/Feb/2025:10:38:19 +0500] "GET /login HTTP/1.1" 200 1103
0:0:0:0:0:0:0:1 - - [08/Feb/2025:10:38:19 +0500] "GET /default-ui.css HTTP/1.1" 200 3065
0:0:0:0:0:0:0:1 - - [08/Feb/2025:10:38:19 +0500] "GET /favicon.ico HTTP/1.1" 302 -
0:0:0:0:0:0:0:1 - - [08/Feb/2025:10:38:19 +0500] "GET /login HTTP/1.1" 200 1103
0:0:0:0:0:0:0:1 - - [08/Feb/2025:10:39:05 +0500] "POST /login HTTP/1.1" 302 -
0:0:0:0:0:0:0:1 - - [08/Feb/2025:10:39:05 +0500] "GET /api/chatrooms/hello?continue HTTP/1.1" 200 11
0:0:0:0:0:0:0:1 - - [08/Feb/2025:10:39:05 +0500] "GET /favicon.ico HTTP/1.1" 404 111
0:0:0:0:0:0:0:1 - - [08/Feb/2025:17:40:50 +0500] "GET /api/users HTTP/1.1" 403 -
0:0:0:0:0:0:0:1 - - [08/Feb/2025:17:41:53 +0500] "POST /api/auth/login HTTP/1.1" 403 -
0:0:0:0:0:0:0:1 - - [08/Feb/2025:17:42:10 +0500] "GET / HTTP/1.1" 403 -
0:0:0:0:0:0:0:1 - - [08/Feb/2025:17:42:12 +0500] "GET / HTTP/1.1" 403 -
0:0:0:0:0:0:0:1 - - [08/Feb/2025:17:42:14 +0500] "GET /api/users HTTP/1.1" 403 -
0:0:0:0:0:0:0:1 - - [08/Feb/2025:17:43:38 +0500] "GET /api/users HTTP/1.1" 403 -
0:0:0:0:0:0:0:1 - - [08/Feb/2025:17:43:50 +0500] "GET /api/users HTTP/1.1" 403 -
0:0:0:0:0:0:0:1 - - [08/Feb/2025:17:43:50 +0500] "GET /api/users HTTP/1.1" 403 -
0:0:0:0:0:0:0:1 - - [08/Feb/2025:17:43:51 +0500] "GET /api/users HTTP/1.1" 403 -
0:0:0:0:0:0:0:1 - - [08/Feb/2025:17:43:51 +0500] "GET /api/users HTTP/1.1" 403 -
0:0:0:0:0:0:0:1 - - [08/Feb/2025:17:43:51 +0500] "GET /api/users HTTP/1.1" 403 -
0:0:0:0:0:0:0:1 - - [08/Feb/2025:17:43:51 +0500] "GET /api/users HTTP/1.1" 403 -
0:0:0:0:0:0:0:1 - - [08/Feb/2025:17:43:51 +0500] "GET /api/users HTTP/1.1" 403 -
0:0:0:0:0:0:0:1 - - [08/Feb/2025:17:43:55 +0500] "GET /login?error HTTP/1.1" 403 -
0:0:0:0:0:0:0:1 - - [08/Feb/2025:17:45:03 +0500] "GET /login?error HTTP/1.1" 404 281
0:0:0:0:0:0:0:1 - - [08/Feb/2025:17:45:09 +0500] "POST /api/auth/login HTTP/1.1" 415 127
0:0:0:0:0:0:0:1 - - [08/Feb/2025:17:45:26 +0500] "GET /api/users HTTP/1.1" 200 12
0:0:0:0:0:0:0:1 - - [08/Feb/2025:17:45:32 +0500] "GET /api/auth/login HTTP/1.1" 405 290
0:0:0:0:0:0:0:1 - - [08/Feb/2025:17:46:08 +0500] "POST /api/auth/login HTTP/1.1" 404 -
0:0:0:0:0:0:0:1 - - [08/Feb/2025:17:46:53 +0500] "POST /api/auth/login HTTP/1.1" 200 154
0:0:0:0:0:0:0:1 - - [08/Feb/2025:18:37:23 +0500] "POST /api/auth/login HTTP/1.1" 404 -
0:0:0:0:0:0:0:1 - - [08/Feb/2025:18:37:25 +0500] "POST /api/auth/login HTTP/1.1" 404 -
0:0:0:0:0:0:0:1 - - [08/Feb/2025:18:38:00 +0500] "POST /api/auth/register HTTP/1.1" 400 22
0:0:0:0:0:0:0:1 - - [08/Feb/2025:18:38:05 +0500] "POST /api/auth/register HTTP/1.1" 200 74
0:0:0:0:0:0:0:1 - - [08/Feb/2025:18:38:08 +0500] "POST /api/auth/register HTTP/1.1" 500 129
0:0:0:0:0:0:0:1 - - [08/Feb/2025:18:38:16 +0500] "POST /api/auth/register HTTP/1.1" 200 76
0:0:0:0:0:0:0:1 - - [08/Feb/2025:18:38:19 +0500] "POST /api/auth/register HTTP/1.1" 200 77
0:0:0:0:0:0:0:1 - - [08/Feb/2025:18:38:20 +0500] "POST /api/auth/register HTTP/1.1" 500 129
0:0:0:0:0:0:0:1 - - [08/Feb/2025:18:38:21 +0500] "POST /api/auth/register HTTP/1.1" 500 129
0:0:0:0:0:0:0:1 - - [08/Feb/2025:18:38:22 +0500] "POST /api/auth/register HTTP/1.1" 500 129
0:0:0:0:0:0:0:1 - - [08/Feb/2025:18:38:24 +0500] "POST /api/auth/register HTTP/1.1" 200 79
0:0:0:0:0:0:0:1 - - [08/Feb/2025:19:12:19 +0500] "POST /api/auth/register HTTP/1.1" 200 160
0:0:0:0:0:0:0:1 - - [08/Feb/2025:19:12:32 +0500] "POST /api/auth/register HTTP/1.1" 500 129
0:0:0:0:0:0:0:1 - - [08/Feb/2025:19:12:33 +0500] "POST /api/auth/register HTTP/1.1" 500 129
0:0:0:0:0:0:0:1 - - [08/Feb/2025:22:34:18 +0500] "GET /error?continue HTTP/1.1" 500 276
0:0:0:0:0:0:0:1 - - [08/Feb/2025:22:34:19 +0500] "GET /error?continue HTTP/1.1" 500 276
0:0:0:0:0:0:0:1 - - [08/Feb/2025:22:35:46 +0500] "POST /api/auth/login HTTP/1.1" 400 116
0:0:0:0:0:0:0:1 - - [08/Feb/2025:22:36:17 +0500] "POST /api/auth/login HTTP/1.1" 200 160
0:0:0:0:0:0:0:1 - - [08/Feb/2025:22:36:19 +0500] "POST /api/auth/login HTTP/1.1" 200 160
0:0:0:0:0:0:0:1 - - [08/Feb/2025:22:36:20 +0500] "POST /api/auth/login HTTP/1.1" 200 160
0:0:0:0:0:0:0:1 - - [08/Feb/2025:22:37:50 +0500] "POST /api/auth/login HTTP/1.1" 500 126
0:0:0:0:0:0:0:1 - - [08/Feb/2025:22:39:12 +0500] "POST /api/auth/register HTTP/1.1" 200 154
0:0:0:0:0:0:0:1 - - [08/Feb/2025:22:43:10 +0500] "POST /api/users/ HTTP/1.1" 403 -
0:0:0:0:0:0:0:1 - - [08/Feb/2025:22:43:30 +0500] "GET /api/users HTTP/1.1" 403 -
0:0:0:0:0:0:0:1 - - [08/Feb/2025:22:43:37 +0500] "POST /api/auth/register HTTP/1.1" 403 -
0:0:0:0:0:0:0:1 - - [08/Feb/2025:22:43:53 +0500] "POST /api/auth/login HTTP/1.1" 200 51
0:0:0:0:0:0:0:1 - - [08/Feb/2025:22:44:26 +0500] "POST /api/auth/login HTTP/1.1" 200 51
0:0:0:0:0:0:0:1 - - [08/Feb/2025:22:44:31 +0500] "POST /api/auth/register HTTP/1.1" 200 154
0:0:0:0:0:0:0:1 - - [08/Feb/2025:22:44:35 +0500] "GET /api/users HTTP/1.1" 403 -
0:0:0:0:0:0:0:1 - - [08/Feb/2025:22:44:50 +0500] "GET /api/users HTTP/1.1" 200 129
0:0:0:0:0:0:0:1 - - [08/Feb/2025:22:45:05 +0500] "GET /api/users HTTP/1.1" 200 129
0:0:0:0:0:0:0:1 - - [08/Feb/2025:22:45:09 +0500] "GET /api/users HTTP/1.1" 200 129
0:0:0:0:0:0:0:1 - - [08/Feb/2025:22:45:12 +0500] "GET /api/users HTTP/1.1" 403 -
0:0:0:0:0:0:0:1 - - [08/Feb/2025:22:45:16 +0500] "GET /api/users HTTP/1.1" 200 129
