0:0:0:0:0:0:0:1 - - [09/Feb/2025:11:26:10 +0500] "GET /api/users HTTP/1.1" 403 -
0:0:0:0:0:0:0:1 - - [09/Feb/2025:11:32:34 +0500] "POST /api/auth/register HTTP/1.1" 200 154
0:0:0:0:0:0:0:1 - - [09/Feb/2025:11:32:38 +0500] "GET /api/users HTTP/1.1" 403 -
0:0:0:0:0:0:0:1 - - [09/Feb/2025:11:32:52 +0500] "GET /api/users HTTP/1.1" 200 129
0:0:0:0:0:0:0:1 - - [09/Feb/2025:11:34:09 +0500] "GET /api/chatrooms HTTP/1.1" 403 -
0:0:0:0:0:0:0:1 - - [09/Feb/2025:11:34:18 +0500] "GET /api/chatrooms HTTP/1.1" 200 12
0:0:0:0:0:0:0:1 - - [09/Feb/2025:11:35:32 +0500] "POST /api/chatrooms HTTP/1.1" 403 -
0:0:0:0:0:0:0:1 - - [09/Feb/2025:11:35:41 +0500] "GET /api/chatrooms HTTP/1.1" 200 12
0:0:0:0:0:0:0:1 - - [09/Feb/2025:11:35:45 +0500] "POST /api/chatrooms HTTP/1.1" 403 -
0:0:0:0:0:0:0:1 - - [09/Feb/2025:11:35:54 +0500] "POST /api/chatrooms HTTP/1.1" 403 -
0:0:0:0:0:0:0:1 - - [09/Feb/2025:11:36:47 +0500] "POST /api/chatrooms HTTP/1.1" 403 -
0:0:0:0:0:0:0:1 - - [09/Feb/2025:11:37:29 +0500] "POST /api/chatrooms HTTP/1.1" 200 105
0:0:0:0:0:0:0:1 - - [09/Feb/2025:11:37:32 +0500] "POST /api/chatrooms HTTP/1.1" 403 -
0:0:0:0:0:0:0:1 - - [09/Feb/2025:11:37:57 +0500] "GET /api/chatrooms HTTP/1.1" 200 47
0:0:0:0:0:0:0:1 - - [09/Feb/2025:11:44:37 +0500] "GET /api/chatrooms HTTP/1.1" 200 12
0:0:0:0:0:0:0:1 - - [09/Feb/2025:11:44:58 +0500] "GET /api/chatrooms/2 HTTP/1.1" 403 -
0:0:0:0:0:0:0:1 - - [09/Feb/2025:11:45:03 +0500] "POST /api/auth/register HTTP/1.1" 200 154
0:0:0:0:0:0:0:1 - - [09/Feb/2025:11:45:33 +0500] "POST /api/chatrooms HTTP/1.1" 200 105
0:0:0:0:0:0:0:1 - - [09/Feb/2025:11:45:41 +0500] "GET /api/chatrooms/1 HTTP/1.1" 403 -
0:0:0:0:0:0:0:1 - - [09/Feb/2025:11:46:40 +0500] "POST /api/chatrooms HTTP/1.1" 403 -
0:0:0:0:0:0:0:1 - - [09/Feb/2025:11:46:44 +0500] "POST /api/auth/register HTTP/1.1" 200 154
0:0:0:0:0:0:0:1 - - [09/Feb/2025:11:46:53 +0500] "POST /api/auth/register HTTP/1.1" 403 -
0:0:0:0:0:0:0:1 - - [09/Feb/2025:11:47:04 +0500] "POST /api/auth/register HTTP/1.1" 403 -
0:0:0:0:0:0:0:1 - - [09/Feb/2025:11:47:17 +0500] "POST /api/auth/login HTTP/1.1" 200 154
0:0:0:0:0:0:0:1 - - [09/Feb/2025:11:47:28 +0500] "POST /api/chatrooms HTTP/1.1" 200 105
0:0:0:0:0:0:0:1 - - [09/Feb/2025:11:47:30 +0500] "POST /api/chatrooms HTTP/1.1" 403 -
0:0:0:0:0:0:0:1 - - [09/Feb/2025:11:47:33 +0500] "GET /api/chatrooms/1 HTTP/1.1" 403 -
0:0:0:0:0:0:0:1 - - [09/Feb/2025:11:47:36 +0500] "GET /api/chatrooms/2 HTTP/1.1" 403 -
0:0:0:0:0:0:0:1 - - [09/Feb/2025:11:48:17 +0500] "POST /api/auth/login HTTP/1.1" 200 154
0:0:0:0:0:0:0:1 - - [09/Feb/2025:11:48:18 +0500] "POST /api/auth/login HTTP/1.1" 200 154
0:0:0:0:0:0:0:1 - - [09/Feb/2025:11:48:20 +0500] "GET /api/chatrooms/2 HTTP/1.1" 403 -
0:0:0:0:0:0:0:1 - - [09/Feb/2025:11:48:36 +0500] "GET /api/chatrooms/ HTTP/1.1" 403 -
0:0:0:0:0:0:0:1 - - [09/Feb/2025:11:48:37 +0500] "GET /api/chatrooms/ HTTP/1.1" 403 -
0:0:0:0:0:0:0:1 - - [09/Feb/2025:11:48:46 +0500] "GET /api/chatrooms/ HTTP/1.1" 403 -
0:0:0:0:0:0:0:1 - - [09/Feb/2025:11:49:00 +0500] "GET /api/chatrooms/ HTTP/1.1" 403 -
0:0:0:0:0:0:0:1 - - [09/Feb/2025:11:49:22 +0500] "POST /api/chatrooms HTTP/1.1" 403 -
0:0:0:0:0:0:0:1 - - [09/Feb/2025:11:57:23 +0500] "GET /api/chatrooms/ HTTP/1.1" 403 -
0:0:0:0:0:0:0:1 - - [09/Feb/2025:11:57:27 +0500] "POST /api/auth/login HTTP/1.1" 200 51
0:0:0:0:0:0:0:1 - - [09/Feb/2025:11:57:40 +0500] "POST /api/auth/register HTTP/1.1" 200 154
0:0:0:0:0:0:0:1 - - [09/Feb/2025:11:57:53 +0500] "POST /api/chatrooms HTTP/1.1" 403 -
0:0:0:0:0:0:0:1 - - [09/Feb/2025:11:58:40 +0500] "GET /api/chatrooms/ HTTP/1.1" 403 -
0:0:0:0:0:0:0:1 - - [09/Feb/2025:13:22:39 +0500] "POST /api/auth/register HTTP/1.1" 200 154
0:0:0:0:0:0:0:1 - - [09/Feb/2025:13:22:49 +0500] "POST /api/chatrooms HTTP/1.1" 403 -
0:0:0:0:0:0:0:1 - - [09/Feb/2025:13:22:53 +0500] "GET /api/chatrooms/ HTTP/1.1" 403 -
0:0:0:0:0:0:0:1 - - [09/Feb/2025:13:22:57 +0500] "GET /api/chatrooms/ HTTP/1.1" 403 -
0:0:0:0:0:0:0:1 - - [09/Feb/2025:13:22:58 +0500] "GET /api/chatrooms/ HTTP/1.1" 403 -
0:0:0:0:0:0:0:1 - - [09/Feb/2025:13:23:09 +0500] "POST /api/auth/login HTTP/1.1" 200 154
0:0:0:0:0:0:0:1 - - [09/Feb/2025:13:23:18 +0500] "GET /api/chatrooms/ HTTP/1.1" 403 -
0:0:0:0:0:0:0:1 - - [09/Feb/2025:13:24:12 +0500] "POST /api/auth/login HTTP/1.1" 200 154
0:0:0:0:0:0:0:1 - - [09/Feb/2025:13:24:13 +0500] "POST /api/auth/login HTTP/1.1" 200 154
0:0:0:0:0:0:0:1 - - [09/Feb/2025:13:24:13 +0500] "POST /api/auth/login HTTP/1.1" 200 154
0:0:0:0:0:0:0:1 - - [09/Feb/2025:13:25:14 +0500] "GET /api/chatrooms/ HTTP/1.1" 403 -
0:0:0:0:0:0:0:1 - - [09/Feb/2025:13:25:29 +0500] "GET /api/chatrooms/ HTTP/1.1" 403 -
0:0:0:0:0:0:0:1 - - [09/Feb/2025:13:26:42 +0500] "GET /api/chatrooms/ HTTP/1.1" 403 -
0:0:0:0:0:0:0:1 - - [09/Feb/2025:13:26:43 +0500] "GET /api/chatrooms/ HTTP/1.1" 403 -
0:0:0:0:0:0:0:1 - - [09/Feb/2025:13:27:21 +0500] "POST /api/auth/login HTTP/1.1" 200 51
0:0:0:0:0:0:0:1 - - [09/Feb/2025:13:27:27 +0500] "POST /api/auth/register HTTP/1.1" 200 154
0:0:0:0:0:0:0:1 - - [09/Feb/2025:13:27:34 +0500] "GET /api/chatrooms/ HTTP/1.1" 403 -
0:0:0:0:0:0:0:1 - - [09/Feb/2025:13:27:35 +0500] "GET /api/chatrooms/ HTTP/1.1" 403 -
0:0:0:0:0:0:0:1 - - [09/Feb/2025:13:27:43 +0500] "GET /api/users/ HTTP/1.1" 403 -
0:0:0:0:0:0:0:1 - - [09/Feb/2025:13:27:49 +0500] "GET /api/users/ HTTP/1.1" 403 -
0:0:0:0:0:0:0:1 - - [09/Feb/2025:13:27:52 +0500] "GET /api/users/ HTTP/1.1" 403 -
0:0:0:0:0:0:0:1 - - [09/Feb/2025:13:29:03 +0500] "GET /api/chatrooms/hello HTTP/1.1" 200 11
0:0:0:0:0:0:0:1 - - [09/Feb/2025:13:29:12 +0500] "GET /api/chatrooms/1 HTTP/1.1" 403 -
0:0:0:0:0:0:0:1 - - [09/Feb/2025:13:29:19 +0500] "GET /api/chatrooms/ HTTP/1.1" 403 -
0:0:0:0:0:0:0:1 - - [09/Feb/2025:13:30:08 +0500] "GET /api/chatrooms/ HTTP/1.1" 403 -
0:0:0:0:0:0:0:1 - - [09/Feb/2025:13:30:14 +0500] "POST /api/auth/register HTTP/1.1" 200 154
0:0:0:0:0:0:0:1 - - [09/Feb/2025:13:30:21 +0500] "GET /api/chatrooms/ HTTP/1.1" 403 -
0:0:0:0:0:0:0:1 - - [09/Feb/2025:13:30:23 +0500] "GET /api/chatrooms/1 HTTP/1.1" 403 -
0:0:0:0:0:0:0:1 - - [09/Feb/2025:13:30:33 +0500] "GET /api/chatrooms/1 HTTP/1.1" 403 -
0:0:0:0:0:0:0:1 - - [09/Feb/2025:13:30:36 +0500] "GET /api/chatrooms/ HTTP/1.1" 403 -
0:0:0:0:0:0:0:1 - - [09/Feb/2025:13:30:42 +0500] "GET /api/chatrooms/jhello HTTP/1.1" 403 -
0:0:0:0:0:0:0:1 - - [09/Feb/2025:13:32:33 +0500] "GET /api/chatrooms/hello HTTP/1.1" 200 11
0:0:0:0:0:0:0:1 - - [09/Feb/2025:13:32:50 +0500] "GET /api/chatrooms/hello HTTP/1.1" 200 11
0:0:0:0:0:0:0:1 - - [09/Feb/2025:13:32:57 +0500] "GET /api/chatrooms/ HTTP/1.1" 403 -
0:0:0:0:0:0:0:1 - - [09/Feb/2025:13:33:08 +0500] "POST /api/chatrooms HTTP/1.1" 403 -
0:0:0:0:0:0:0:1 - - [09/Feb/2025:13:33:12 +0500] "POST /api/auth/register HTTP/1.1" 200 154
0:0:0:0:0:0:0:1 - - [09/Feb/2025:13:33:19 +0500] "POST /api/chatrooms HTTP/1.1" 403 -
0:0:0:0:0:0:0:1 - - [09/Feb/2025:13:36:35 +0500] "POST /api/auth/register HTTP/1.1" 200 154
0:0:0:0:0:0:0:1 - - [09/Feb/2025:13:36:42 +0500] "POST /api/chatrooms HTTP/1.1" 403 -
0:0:0:0:0:0:0:1 - - [09/Feb/2025:13:36:45 +0500] "GET /api/chatrooms/ HTTP/1.1" 403 -
0:0:0:0:0:0:0:1 - - [09/Feb/2025:13:36:50 +0500] "GET /api/chatrooms/ HTTP/1.1" 403 -
0:0:0:0:0:0:0:1 - - [09/Feb/2025:13:37:02 +0500] "GET /api/chatrooms/ HTTP/1.1" 403 -
0:0:0:0:0:0:0:1 - - [09/Feb/2025:13:37:20 +0500] "GET /api/chatrooms/hello HTTP/1.1" 200 11
0:0:0:0:0:0:0:1 - - [09/Feb/2025:13:37:23 +0500] "GET /api/chatrooms/hello HTTP/1.1" 403 -
0:0:0:0:0:0:0:1 - - [09/Feb/2025:13:37:26 +0500] "GET /api/chatrooms/hello HTTP/1.1" 403 -
0:0:0:0:0:0:0:1 - - [09/Feb/2025:13:37:32 +0500] "GET /api/chatrooms/hello HTTP/1.1" 200 11
0:0:0:0:0:0:0:1 - - [09/Feb/2025:13:39:33 +0500] "POST /api/auth/register HTTP/1.1" 200 154
0:0:0:0:0:0:0:1 - - [09/Feb/2025:13:39:41 +0500] "POST /api/chatrooms HTTP/1.1" 403 -
0:0:0:0:0:0:0:1 - - [09/Feb/2025:13:39:53 +0500] "GET /api/chatrooms/hello HTTP/1.1" 200 11
0:0:0:0:0:0:0:1 - - [09/Feb/2025:13:40:00 +0500] "POST /api/chatrooms HTTP/1.1" 403 -
0:0:0:0:0:0:0:1 - - [09/Feb/2025:13:40:05 +0500] "GET /api/chatrooms/ HTTP/1.1" 403 -
0:0:0:0:0:0:0:1 - - [09/Feb/2025:13:41:27 +0500] "POST /api/auth/register HTTP/1.1" 200 154
0:0:0:0:0:0:0:1 - - [09/Feb/2025:13:41:35 +0500] "GET /api/chatrooms/ HTTP/1.1" 200 12
0:0:0:0:0:0:0:1 - - [09/Feb/2025:13:41:43 +0500] "POST /api/chatrooms HTTP/1.1" 403 -
0:0:0:0:0:0:0:1 - - [09/Feb/2025:13:41:59 +0500] "POST /api/chatrooms HTTP/1.1" 403 -
0:0:0:0:0:0:0:1 - - [09/Feb/2025:13:42:01 +0500] "POST /api/chatrooms/ HTTP/1.1" 403 -
0:0:0:0:0:0:0:1 - - [09/Feb/2025:13:42:09 +0500] "POST /api/chatrooms/ HTTP/1.1" 403 -
0:0:0:0:0:0:0:1 - - [09/Feb/2025:13:42:12 +0500] "GET /api/chatrooms/ HTTP/1.1" 200 12
0:0:0:0:0:0:0:1 - - [09/Feb/2025:13:42:12 +0500] "GET /api/chatrooms/ HTTP/1.1" 200 12
0:0:0:0:0:0:0:1 - - [09/Feb/2025:13:42:13 +0500] "GET /api/chatrooms/ HTTP/1.1" 200 12
0:0:0:0:0:0:0:1 - - [09/Feb/2025:13:42:16 +0500] "GET /api/chatrooms/1 HTTP/1.1" 404 -
0:0:0:0:0:0:0:1 - - [09/Feb/2025:13:42:40 +0500] "POST /api/chatrooms/create HTTP/1.1" 403 -
0:0:0:0:0:0:0:1 - - [09/Feb/2025:13:42:44 +0500] "POST /api/auth/register HTTP/1.1" 200 154
0:0:0:0:0:0:0:1 - - [09/Feb/2025:13:42:52 +0500] "POST /api/chatrooms/create HTTP/1.1" 403 -
0:0:0:0:0:0:0:1 - - [09/Feb/2025:13:42:55 +0500] "GET /api/chatrooms/ HTTP/1.1" 200 12
0:0:0:0:0:0:0:1 - - [09/Feb/2025:13:43:15 +0500] "POST /api/auth/register HTTP/1.1" 200 154
0:0:0:0:0:0:0:1 - - [09/Feb/2025:13:44:59 +0500] "POST /api/chatrooms/create HTTP/1.1" 403 -
0:0:0:0:0:0:0:1 - - [09/Feb/2025:13:47:11 +0500] "POST /api/chatrooms/create HTTP/1.1" 403 -
0:0:0:0:0:0:0:1 - - [09/Feb/2025:13:47:43 +0500] "POST /api/auth/register HTTP/1.1" 200 154
0:0:0:0:0:0:0:1 - - [09/Feb/2025:13:47:50 +0500] "POST /api/chatrooms/create HTTP/1.1" 400 -
0:0:0:0:0:0:0:1 - - [09/Feb/2025:13:49:11 +0500] "POST /api/chatrooms/create HTTP/1.1" 400 -
0:0:0:0:0:0:0:1 - - [09/Feb/2025:13:50:46 +0500] "POST /api/chatrooms/create HTTP/1.1" 400 448
0:0:0:0:0:0:0:1 - - [09/Feb/2025:13:55:36 +0500] "GET /api/users HTTP/1.1" 200 12
0:0:0:0:0:0:0:1 - - [09/Feb/2025:13:55:50 +0500] "POST /api/auth/register HTTP/1.1" 200 154
0:0:0:0:0:0:0:1 - - [09/Feb/2025:13:55:53 +0500] "POST /api/chatrooms/create HTTP/1.1" 200 105
0:0:0:0:0:0:0:1 - - [09/Feb/2025:13:56:00 +0500] "POST /api/chatrooms/create HTTP/1.1" 409 49
0:0:0:0:0:0:0:1 - - [09/Feb/2025:13:56:08 +0500] "GET /api/chatrooms HTTP/1.1" 403 -
0:0:0:0:0:0:0:1 - - [09/Feb/2025:13:56:30 +0500] "GET /api/chatrooms HTTP/1.1" 403 -
0:0:0:0:0:0:0:1 - - [09/Feb/2025:13:56:31 +0500] "GET /api/chatrooms HTTP/1.1" 403 -
0:0:0:0:0:0:0:1 - - [09/Feb/2025:13:56:40 +0500] "POST /api/chatrooms/create HTTP/1.1" 403 -
0:0:0:0:0:0:0:1 - - [09/Feb/2025:13:56:43 +0500] "POST /api/auth/register HTTP/1.1" 200 154
0:0:0:0:0:0:0:1 - - [09/Feb/2025:13:56:45 +0500] "POST /api/chatrooms/create HTTP/1.1" 403 -
0:0:0:0:0:0:0:1 - - [09/Feb/2025:13:57:17 +0500] "POST /api/chatrooms/ HTTP/1.1" 200 105
0:0:0:0:0:0:0:1 - - [09/Feb/2025:13:57:24 +0500] "GET /api/chatrooms HTTP/1.1" 403 -
0:0:0:0:0:0:0:1 - - [09/Feb/2025:13:57:58 +0500] "GET /api/chatrooms HTTP/1.1" 403 -
0:0:0:0:0:0:0:1 - - [09/Feb/2025:13:58:12 +0500] "GET /api/chatrooms/hello HTTP/1.1" 200 11
0:0:0:0:0:0:0:1 - - [09/Feb/2025:13:58:34 +0500] "GET /api/chatrooms/ HTTP/1.1" 200 47
0:0:0:0:0:0:0:1 - - [09/Feb/2025:13:59:01 +0500] "POST /api/auth/register HTTP/1.1" 200 154
0:0:0:0:0:0:0:1 - - [09/Feb/2025:13:59:04 +0500] "POST /api/chatrooms/ HTTP/1.1" 200 105
0:0:0:0:0:0:0:1 - - [09/Feb/2025:13:59:07 +0500] "GET /api/chatrooms/1 HTTP/1.1" 200 45
0:0:0:0:0:0:0:1 - - [09/Feb/2025:13:59:11 +0500] "GET /api/chatrooms/12 HTTP/1.1" 404 -
0:0:0:0:0:0:0:1 - - [09/Feb/2025:13:59:14 +0500] "GET /api/chatrooms/1 HTTP/1.1" 200 45
0:0:0:0:0:0:0:1 - - [09/Feb/2025:14:02:25 +0500] "GET /api/chatrooms/1 HTTP/1.1" 200 45
0:0:0:0:0:0:0:1 - - [09/Feb/2025:14:03:41 +0500] "POST /api/auth/register HTTP/1.1" 200 154
0:0:0:0:0:0:0:1 - - [09/Feb/2025:14:03:43 +0500] "POST /api/chatrooms/ HTTP/1.1" 200 88
0:0:0:0:0:0:0:1 - - [09/Feb/2025:14:03:45 +0500] "GET /api/chatrooms/1 HTTP/1.1" 200 45
0:0:0:0:0:0:0:1 - - [09/Feb/2025:14:04:01 +0500] "POST /api/auth/register HTTP/1.1" 200 154
0:0:0:0:0:0:0:1 - - [09/Feb/2025:14:04:03 +0500] "POST /api/chatrooms/ HTTP/1.1" 200 88
0:0:0:0:0:0:0:1 - - [09/Feb/2025:14:04:04 +0500] "GET /api/chatrooms/1 HTTP/1.1" 200 45
0:0:0:0:0:0:0:1 - - [09/Feb/2025:14:04:06 +0500] "GET /api/chatrooms/1 HTTP/1.1" 200 45
0:0:0:0:0:0:0:1 - - [09/Feb/2025:14:13:54 +0500] "GET /api/chatrooms/1 HTTP/1.1" 200 45
0:0:0:0:0:0:0:1 - - [09/Feb/2025:14:17:44 +0500] "POST /api/auth/register HTTP/1.1" 200 154
0:0:0:0:0:0:0:1 - - [09/Feb/2025:14:17:46 +0500] "POST /api/chatrooms/ HTTP/1.1" 200 105
0:0:0:0:0:0:0:1 - - [09/Feb/2025:14:17:48 +0500] "GET /api/chatrooms/1 HTTP/1.1" 200 45
0:0:0:0:0:0:0:1 - - [09/Feb/2025:14:17:59 +0500] "POST /api/auth/register HTTP/1.1" 200 154
0:0:0:0:0:0:0:1 - - [09/Feb/2025:14:18:00 +0500] "POST /api/auth/register HTTP/1.1" 403 -
0:0:0:0:0:0:0:1 - - [09/Feb/2025:14:19:10 +0500] "POST /api/auth/register HTTP/1.1" 403 -
0:0:0:0:0:0:0:1 - - [09/Feb/2025:14:19:14 +0500] "POST /api/chatrooms/ HTTP/1.1" 200 105
0:0:0:0:0:0:0:1 - - [09/Feb/2025:14:19:26 +0500] "POST /api/chatrooms/ HTTP/1.1" 409 49
0:0:0:0:0:0:0:1 - - [09/Feb/2025:14:19:30 +0500] "GET /api/chatrooms/1 HTTP/1.1" 200 45
0:0:0:0:0:0:0:1 - - [09/Feb/2025:14:20:20 +0500] "GET /api/chatrooms/1 HTTP/1.1" 200 45
0:0:0:0:0:0:0:1 - - [09/Feb/2025:14:26:21 +0500] "GET /api/chatrooms/1 HTTP/1.1" 200 45
0:0:0:0:0:0:0:1 - - [09/Feb/2025:14:27:46 +0500] "GET /api/chatrooms/1 HTTP/1.1" 200 45
0:0:0:0:0:0:0:1 - - [09/Feb/2025:14:37:47 +0500] "GET /api/chatrooms/1 HTTP/1.1" 200 45
0:0:0:0:0:0:0:1 - - [09/Feb/2025:14:38:38 +0500] "GET /api/chatrooms/1 HTTP/1.1" 200 45
0:0:0:0:0:0:0:1 - - [09/Feb/2025:14:41:16 +0500] "GET /api/chatrooms/1 HTTP/1.1" 200 45
0:0:0:0:0:0:0:1 - - [09/Feb/2025:14:43:30 +0500] "POST /api/auth/register HTTP/1.1" 200 155
0:0:0:0:0:0:0:1 - - [09/Feb/2025:14:43:41 +0500] "POST /api/auth/register HTTP/1.1" 200 152
0:0:0:0:0:0:0:1 - - [09/Feb/2025:14:44:09 +0500] "POST /api/chatrooms/ HTTP/1.1" 400 165
0:0:0:0:0:0:0:1 - - [09/Feb/2025:14:45:39 +0500] "POST /api/chatrooms/ HTTP/1.1" 400 65
0:0:0:0:0:0:0:1 - - [09/Feb/2025:14:46:11 +0500] "POST /api/chatrooms/ HTTP/1.1" 400 65
0:0:0:0:0:0:0:1 - - [09/Feb/2025:14:48:21 +0500] "POST /api/chatrooms/ HTTP/1.1" 403 -
0:0:0:0:0:0:0:1 - - [09/Feb/2025:14:48:30 +0500] "POST /api/chatrooms/ HTTP/1.1" 403 -
0:0:0:0:0:0:0:1 - - [09/Feb/2025:14:48:47 +0500] "POST /api/chatrooms/ HTTP/1.1" 400 36
0:0:0:0:0:0:0:1 - - [09/Feb/2025:14:49:34 +0500] "POST /api/chatrooms/ HTTP/1.1" 200 283
0:0:0:0:0:0:0:1 - - [09/Feb/2025:14:49:38 +0500] "GET /api/chatrooms/1 HTTP/1.1" 403 -
0:0:0:0:0:0:0:1 - - [09/Feb/2025:14:49:43 +0500] "GET /api/chatrooms/1 HTTP/1.1" 200 45
0:0:0:0:0:0:0:1 - - [09/Feb/2025:14:49:53 +0500] "GET /api/chatrooms/5 HTTP/1.1" 200 50
0:0:0:0:0:0:0:1 - - [09/Feb/2025:14:51:39 +0500] "GET /api/chatrooms/5 HTTP/1.1" 200 50
0:0:0:0:0:0:0:1 - - [09/Feb/2025:14:59:41 +0500] "GET /api/chatrooms/5 HTTP/1.1" 200 50
0:0:0:0:0:0:0:1 - - [09/Feb/2025:15:00:12 +0500] "GET /api/chatrooms/5 HTTP/1.1" 200 50
0:0:0:0:0:0:0:1 - - [09/Feb/2025:15:03:43 +0500] "GET /api/chatrooms/5 HTTP/1.1" 200 50
0:0:0:0:0:0:0:1 - - [09/Feb/2025:15:04:27 +0500] "GET /api/chatrooms/5 HTTP/1.1" 200 50
0:0:0:0:0:0:0:1 - - [09/Feb/2025:15:04:43 +0500] "GET /api/chatrooms/5 HTTP/1.1" 200 50
0:0:0:0:0:0:0:1 - - [09/Feb/2025:15:05:40 +0500] "GET /api/chatrooms/5 HTTP/1.1" 200 50
0:0:0:0:0:0:0:1 - - [09/Feb/2025:15:06:13 +0500] "GET /api/chatrooms/5 HTTP/1.1" 200 50
0:0:0:0:0:0:0:1 - - [09/Feb/2025:15:09:10 +0500] "GET /api/chatrooms/5 HTTP/1.1" 200 50
0:0:0:0:0:0:0:1 - - [09/Feb/2025:15:09:11 +0500] "GET /api/chatrooms/5 HTTP/1.1" 200 50
0:0:0:0:0:0:0:1 - - [09/Feb/2025:15:10:02 +0500] "GET /api/chatrooms/1 HTTP/1.1" 200 45
0:0:0:0:0:0:0:1 - - [09/Feb/2025:15:10:12 +0500] "GET /api/chatrooms/1 HTTP/1.1" 403 -
0:0:0:0:0:0:0:1 - - [09/Feb/2025:22:11:35 +0500] "OPTIONS /api/auth/register HTTP/1.1" 403 31
0:0:0:0:0:0:0:1 - - [09/Feb/2025:22:11:36 +0500] "OPTIONS /api/auth/register HTTP/1.1" 403 31
0:0:0:0:0:0:0:1 - - [09/Feb/2025:22:11:45 +0500] "OPTIONS /api/auth/register HTTP/1.1" 403 31
0:0:0:0:0:0:0:1 - - [09/Feb/2025:22:13:04 +0500] "OPTIONS /api/auth/register HTTP/1.1" 200 -
0:0:0:0:0:0:0:1 - - [09/Feb/2025:22:13:04 +0500] "POST /api/auth/register HTTP/1.1" 403 -
0:0:0:0:0:0:0:1 - - [09/Feb/2025:22:13:18 +0500] "POST /api/auth/register HTTP/1.1" 200 156
0:0:0:0:0:0:0:1 - - [09/Feb/2025:22:13:23 +0500] "POST /api/auth/register HTTP/1.1" 403 -
0:0:0:0:0:0:0:1 - - [09/Feb/2025:22:13:25 +0500] "POST /api/auth/register HTTP/1.1" 403 -
0:0:0:0:0:0:0:1 - - [09/Feb/2025:22:13:26 +0500] "POST /api/auth/register HTTP/1.1" 403 -
0:0:0:0:0:0:0:1 - - [09/Feb/2025:22:13:35 +0500] "POST /api/auth/register HTTP/1.1" 200 158
0:0:0:0:0:0:0:1 - - [09/Feb/2025:22:15:20 +0500] "POST /api/auth/register HTTP/1.1" 200 158
0:0:0:0:0:0:0:1 - - [09/Feb/2025:22:17:28 +0500] "POST /api/auth/register HTTP/1.1" 200 163
0:0:0:0:0:0:0:1 - - [09/Feb/2025:22:18:06 +0500] "POST /api/auth/register HTTP/1.1" 200 164
0:0:0:0:0:0:0:1 - - [09/Feb/2025:22:18:28 +0500] "GET /api/users HTTP/1.1" 403 -
0:0:0:0:0:0:0:1 - - [09/Feb/2025:22:19:18 +0500] "OPTIONS /api/auth/register HTTP/1.1" 200 -
0:0:0:0:0:0:0:1 - - [09/Feb/2025:22:19:18 +0500] "POST /api/auth/register HTTP/1.1" 200 188
0:0:0:0:0:0:0:1 - - [09/Feb/2025:22:21:08 +0500] "POST /api/auth/register HTTP/1.1" 403 -
0:0:0:0:0:0:0:1 - - [09/Feb/2025:22:21:14 +0500] "POST /api/auth/register HTTP/1.1" 200 190
0:0:0:0:0:0:0:1 - - [09/Feb/2025:23:10:01 +0500] "OPTIONS /api/auth/register HTTP/1.1" 200 -
0:0:0:0:0:0:0:1 - - [09/Feb/2025:23:10:01 +0500] "POST /api/auth/register HTTP/1.1" 403 -
0:0:0:0:0:0:0:1 - - [09/Feb/2025:23:15:59 +0500] "OPTIONS /api/auth/login HTTP/1.1" 200 -
0:0:0:0:0:0:0:1 - - [09/Feb/2025:23:15:59 +0500] "POST /api/auth/login HTTP/1.1" 200 51
0:0:0:0:0:0:0:1 - - [09/Feb/2025:23:16:21 +0500] "POST /api/auth/login HTTP/1.1" 200 51
0:0:0:0:0:0:0:1 - - [09/Feb/2025:23:16:22 +0500] "POST /api/auth/login HTTP/1.1" 200 51
0:0:0:0:0:0:0:1 - - [09/Feb/2025:23:20:53 +0500] "OPTIONS /api/auth/login HTTP/1.1" 200 -
0:0:0:0:0:0:0:1 - - [09/Feb/2025:23:20:53 +0500] "POST /api/auth/login HTTP/1.1" 401 70
0:0:0:0:0:0:0:1 - - [09/Feb/2025:23:21:10 +0500] "POST /api/auth/login HTTP/1.1" 200 173
0:0:0:0:0:0:0:1 - - [09/Feb/2025:23:21:33 +0500] "POST /api/auth/login HTTP/1.1" 200 173
0:0:0:0:0:0:0:1 - - [09/Feb/2025:23:21:39 +0500] "POST /api/auth/login HTTP/1.1" 200 173
0:0:0:0:0:0:0:1 - - [09/Feb/2025:23:21:39 +0500] "POST /api/auth/login HTTP/1.1" 200 173
0:0:0:0:0:0:0:1 - - [09/Feb/2025:23:21:39 +0500] "POST /api/auth/login HTTP/1.1" 200 173
0:0:0:0:0:0:0:1 - - [09/Feb/2025:23:22:33 +0500] "POST /api/auth/login HTTP/1.1" 401 70
0:0:0:0:0:0:0:1 - - [09/Feb/2025:23:22:45 +0500] "POST /api/auth/login HTTP/1.1" 200 173
0:0:0:0:0:0:0:1 - - [09/Feb/2025:23:23:25 +0500] "POST /api/auth/login HTTP/1.1" 200 173
0:0:0:0:0:0:0:1 - - [09/Feb/2025:23:23:32 +0500] "POST /api/auth/login HTTP/1.1" 200 173
0:0:0:0:0:0:0:1 - - [09/Feb/2025:23:23:33 +0500] "POST /api/auth/login HTTP/1.1" 200 173
0:0:0:0:0:0:0:1 - - [09/Feb/2025:23:50:33 +0500] "POST /api/auth/login HTTP/1.1" 401 70
0:0:0:0:0:0:0:1 - - [09/Feb/2025:23:50:35 +0500] "POST /api/auth/login HTTP/1.1" 401 70
0:0:0:0:0:0:0:1 - - [09/Feb/2025:23:50:35 +0500] "POST /api/auth/login HTTP/1.1" 401 70
